{"C:\\Users\\44747\\OneDrive\\Desktop\\FutureProof\\torvalds\\lap1\\project-1\\Quiz-game-project\\server\\app.js": {"path":"C:\\Users\\44747\\OneDrive\\Desktop\\FutureProof\\torvalds\\lap1\\project-1\\Quiz-game-project\\server\\app.js","statementMap":{"0":{"start":{"line":1,"column":16},"end":{"line":1,"column":34}},"1":{"start":{"line":2,"column":13},"end":{"line":2,"column":28}},"2":{"start":{"line":3,"column":14},"end":{"line":3,"column":32}},"3":{"start":{"line":5,"column":12},"end":{"line":5,"column":21}},"4":{"start":{"line":6,"column":0},"end":{"line":6,"column":16}},"5":{"start":{"line":7,"column":0},"end":{"line":7,"column":23}},"6":{"start":{"line":8,"column":18},"end":{"line":8,"column":22}},"7":{"start":{"line":11,"column":0},"end":{"line":20,"column":3}},"8":{"start":{"line":12,"column":33},"end":{"line":12,"column":41}},"9":{"start":{"line":13,"column":15},"end":{"line":13,"column":91}},"10":{"start":{"line":13,"column":34},"end":{"line":13,"column":90}},"11":{"start":{"line":14,"column":2},"end":{"line":19,"column":3}},"12":{"start":{"line":15,"column":4},"end":{"line":15,"column":23}},"13":{"start":{"line":16,"column":4},"end":{"line":16,"column":86}},"14":{"start":{"line":18,"column":4},"end":{"line":18,"column":71}},"15":{"start":{"line":23,"column":0},"end":{"line":35,"column":3}},"16":{"start":{"line":24,"column":33},"end":{"line":24,"column":41}},"17":{"start":{"line":25,"column":2},"end":{"line":27,"column":3}},"18":{"start":{"line":26,"column":4},"end":{"line":26,"column":84}},"19":{"start":{"line":28,"column":21},"end":{"line":28,"column":67}},"20":{"start":{"line":28,"column":40},"end":{"line":28,"column":66}},"21":{"start":{"line":29,"column":2},"end":{"line":34,"column":3}},"22":{"start":{"line":30,"column":4},"end":{"line":30,"column":65}},"23":{"start":{"line":32,"column":4},"end":{"line":32,"column":53}},"24":{"start":{"line":33,"column":4},"end":{"line":33,"column":74}},"25":{"start":{"line":37,"column":0},"end":{"line":39,"column":2}},"26":{"start":{"line":38,"column":2},"end":{"line":38,"column":18}},"27":{"start":{"line":41,"column":0},"end":{"line":49,"column":3}},"28":{"start":{"line":42,"column":30},"end":{"line":42,"column":38}},"29":{"start":{"line":43,"column":20},"end":{"line":43,"column":71}},"30":{"start":{"line":43,"column":44},"end":{"line":43,"column":70}},"31":{"start":{"line":44,"column":2},"end":{"line":46,"column":3}},"32":{"start":{"line":45,"column":4},"end":{"line":45,"column":64}},"33":{"start":{"line":47,"column":2},"end":{"line":47,"column":75}},"34":{"start":{"line":48,"column":2},"end":{"line":48,"column":103}},"35":{"start":{"line":51,"column":1},"end":{"line":51,"column":22}}},"fnMap":{"0":{"name":"(anonymous_0)","decl":{"start":{"line":11,"column":19},"end":{"line":11,"column":20}},"loc":{"start":{"line":11,"column":33},"end":{"line":20,"column":1}},"line":11},"1":{"name":"(anonymous_1)","decl":{"start":{"line":13,"column":26},"end":{"line":13,"column":27}},"loc":{"start":{"line":13,"column":34},"end":{"line":13,"column":90}},"line":13},"2":{"name":"(anonymous_2)","decl":{"start":{"line":23,"column":20},"end":{"line":23,"column":21}},"loc":{"start":{"line":23,"column":34},"end":{"line":35,"column":1}},"line":23},"3":{"name":"(anonymous_3)","decl":{"start":{"line":28,"column":32},"end":{"line":28,"column":33}},"loc":{"start":{"line":28,"column":40},"end":{"line":28,"column":66}},"line":28},"4":{"name":"(anonymous_4)","decl":{"start":{"line":37,"column":18},"end":{"line":37,"column":19}},"loc":{"start":{"line":37,"column":32},"end":{"line":39,"column":1}},"line":37},"5":{"name":"(anonymous_5)","decl":{"start":{"line":41,"column":26},"end":{"line":41,"column":27}},"loc":{"start":{"line":41,"column":40},"end":{"line":49,"column":1}},"line":41},"6":{"name":"(anonymous_6)","decl":{"start":{"line":43,"column":36},"end":{"line":43,"column":37}},"loc":{"start":{"line":43,"column":44},"end":{"line":43,"column":70}},"line":43}},"branchMap":{"0":{"loc":{"start":{"line":13,"column":34},"end":{"line":13,"column":90}},"type":"binary-expr","locations":[{"start":{"line":13,"column":34},"end":{"line":13,"column":60}},{"start":{"line":13,"column":64},"end":{"line":13,"column":90}}],"line":13},"1":{"loc":{"start":{"line":14,"column":2},"end":{"line":19,"column":3}},"type":"if","locations":[{"start":{"line":14,"column":2},"end":{"line":19,"column":3}},{"start":{"line":17,"column":9},"end":{"line":19,"column":3}}],"line":14},"2":{"loc":{"start":{"line":25,"column":2},"end":{"line":27,"column":3}},"type":"if","locations":[{"start":{"line":25,"column":2},"end":{"line":27,"column":3}},{"start":{},"end":{}}],"line":25},"3":{"loc":{"start":{"line":25,"column":6},"end":{"line":25,"column":28}},"type":"binary-expr","locations":[{"start":{"line":25,"column":6},"end":{"line":25,"column":15}},{"start":{"line":25,"column":19},"end":{"line":25,"column":28}}],"line":25},"4":{"loc":{"start":{"line":29,"column":2},"end":{"line":34,"column":3}},"type":"if","locations":[{"start":{"line":29,"column":2},"end":{"line":34,"column":3}},{"start":{"line":31,"column":9},"end":{"line":34,"column":3}}],"line":29},"5":{"loc":{"start":{"line":44,"column":2},"end":{"line":46,"column":3}},"type":"if","locations":[{"start":{"line":44,"column":2},"end":{"line":46,"column":3}},{"start":{},"end":{}}],"line":44}},"s":{"0":1,"1":1,"2":1,"3":1,"4":1,"5":1,"6":1,"7":1,"8":6,"9":6,"10":21,"11":6,"12":1,"13":1,"14":5,"15":1,"16":3,"17":3,"18":1,"19":2,"20":2,"21":2,"22":1,"23":1,"24":1,"25":1,"26":1,"27":1,"28":3,"29":3,"30":3,"31":3,"32":1,"33":2,"34":2,"35":1},"f":{"0":6,"1":21,"2":3,"3":2,"4":1,"5":3,"6":3},"b":{"0":[21,3],"1":[1,5],"2":[1,2],"3":[3,3],"4":[1,1],"5":[1,2]},"_coverageSchema":"1a1c01bbd47fc00a2c39e90264f33305004495a9","hash":"988ecc6de9ab85b98027ddfe481005527a03449c"}
,"C:\\Users\\44747\\OneDrive\\Desktop\\FutureProof\\torvalds\\lap1\\project-1\\Quiz-game-project\\server\\users.js": {"path":"C:\\Users\\44747\\OneDrive\\Desktop\\FutureProof\\torvalds\\lap1\\project-1\\Quiz-game-project\\server\\users.js","statementMap":{"0":{"start":{"line":1,"column":14},"end":{"line":22,"column":3}},"1":{"start":{"line":23,"column":2},"end":{"line":23,"column":25}}},"fnMap":{},"branchMap":{},"s":{"0":1,"1":1},"f":{},"b":{},"_coverageSchema":"1a1c01bbd47fc00a2c39e90264f33305004495a9","hash":"748e23792515fc82aab28b5fd5d7d5e94af9efc9"}
}
