TN:
SF:app.js
FN:11,(anonymous_0)
FN:13,(anonymous_1)
FN:23,(anonymous_2)
FN:28,(anonymous_3)
FN:37,(anonymous_4)
FN:41,(anonymous_5)
FN:43,(anonymous_6)
FNF:7
FNH:7
FNDA:6,(anonymous_0)
FNDA:21,(anonymous_1)
FNDA:3,(anonymous_2)
FNDA:2,(anonymous_3)
FNDA:1,(anonymous_4)
FNDA:3,(anonymous_5)
FNDA:3,(anonymous_6)
DA:1,1
DA:2,1
DA:3,1
DA:5,1
DA:6,1
DA:7,1
DA:8,1
DA:11,1
DA:12,6
DA:13,21
DA:14,6
DA:15,1
DA:16,1
DA:18,5
DA:23,1
DA:24,3
DA:25,3
DA:26,1
DA:28,2
DA:29,2
DA:30,1
DA:32,1
DA:33,1
DA:37,1
DA:38,1
DA:41,1
DA:42,3
DA:43,3
DA:44,3
DA:45,1
DA:47,2
DA:48,2
DA:51,1
LF:33
LH:33
BRDA:13,0,0,21
BRDA:13,0,1,3
BRDA:14,1,0,1
BRDA:14,1,1,5
BRDA:25,2,0,1
BRDA:25,2,1,2
BRDA:25,3,0,3
BRDA:25,3,1,3
BRDA:29,4,0,1
BRDA:29,4,1,1
BRDA:44,5,0,1
BRDA:44,5,1,2
BRF:12
BRH:12
end_of_record
TN:
SF:users.js
FNF:0
FNH:0
DA:1,1
DA:23,1
LF:2
LH:2
BRF:0
BRH:0
end_of_record
